Vivado Simulator v2025.2
Copyright 1986-2022 Xilinx, Inc. All Rights Reserved.
Copyright 2022-2025 Advanced Micro Devices, Inc. All Rights Reserved.
Running: C:/2025.2/Vivado/bin/unwrapped/win64.o/xelab.exe --incr --debug typical --relax --mt 2 -L xil_defaultlib -L xilinx_vip -L unisims_ver -L unimacro_ver -L secureip -L xpm --snapshot tb_top_bd_behav xil_defaultlib.tb_top_bd xil_defaultlib.glbl -log elaborate.log 
Using 2 slave threads.
Starting static elaboration
Pass Through NonSizing Optimizer
Completed static elaboration
Starting simulation data flow analysis
Completed simulation data flow analysis
Time Resolution for simulation is 1ps
Compiling module xil_defaultlib.control_unit
Compiling module xil_defaultlib.immediate_generator
Compiling module xil_defaultlib.register_file
Compiling module xil_defaultlib.alu
Compiling module xil_defaultlib.branch_unit
Compiling module xil_defaultlib.instruction_fetch_unit
Compiling module xil_defaultlib.IF_ID_REG
Compiling module xil_defaultlib.ID_EX_REG
Compiling module xil_defaultlib.EX_MEM_REG
Compiling module xil_defaultlib.MEM_WB_REG
Compiling module xil_defaultlib.Hazard_unit
Compiling module xil_defaultlib.data_path
Compiling module xil_defaultlib.instruction_memory
Compiling module xil_defaultlib.data_memory_dp_default
Compiling module xil_defaultlib.top
Compiling module xil_defaultlib.tb_top_bd
Compiling module xil_defaultlib.glbl
Built simulation snapshot tb_top_bd_behav
